<?xml version="1.0" encoding="UTF-8"?>
<!-- Generated by org.testng.reporters.JUnitReportReporter -->
<testsuite skipped="0" hostname="LAPTOP-9738CE5M" name="com.qa.tests.HomePageTest" tests="1" failures="0" timestamp="16 Aug 2020 07:14:43 GMT" time="15.520" errors="0">
  <testcase name="verifyflow" time="15.520" classname="com.qa.tests.HomePageTest"/>
</testsuite> <!-- com.qa.tests.HomePageTest -->
