<?xml version="1.0" encoding="UTF-8"?>
<!-- Generated by org.testng.reporters.JUnitReportReporter -->
<testsuite skipped="0" hostname="LAPTOP-9738CE5M" name="com.qa.tests.DemoPageTest" tests="1" failures="0" timestamp="15 Aug 2020 04:09:32 GMT" time="2.864" errors="0">
  <testcase name="navigatetoHomePage" time="2.864" classname="com.qa.tests.DemoPageTest"/>
</testsuite> <!-- com.qa.tests.DemoPageTest -->
