<?xml version="1.0" encoding="UTF-8"?>
<!-- Generated by org.testng.reporters.JUnitReportReporter -->
<testsuite skipped="0" hostname="LAPTOP-9738CE5M" name="com.qa.tests.TShirtsPageTest" tests="3" failures="0" timestamp="10 Oct 2020 04:45:12 GMT" time="4.119" errors="0">
  <testcase name="Listdresses" time="0.088" classname="com.qa.tests.TShirtsPageTest"/>
  <testcase name="Pricedresses" time="0.089" classname="com.qa.tests.TShirtsPageTest"/>
  <testcase name="Numberdresses" time="3.942" classname="com.qa.tests.TShirtsPageTest"/>
</testsuite> <!-- com.qa.tests.TShirtsPageTest -->
