<?xml version="1.0" encoding="UTF-8"?>
<!-- Generated by org.testng.reporters.JUnitReportReporter -->
<testsuite skipped="0" hostname="LAPTOP-9738CE5M" name="com.qa.tests.WomensPageTest" tests="4" failures="0" timestamp="10 Oct 2020 04:45:12 GMT" time="5.672" errors="0">
  <testcase name="Listdresses" time="0.351" classname="com.qa.tests.WomensPageTest"/>
  <testcase name="Numberdresses" time="4.681" classname="com.qa.tests.WomensPageTest"/>
  <testcase name="Pricedresses" time="0.494" classname="com.qa.tests.WomensPageTest"/>
  <testcase name="Discountdresses" time="0.146" classname="com.qa.tests.WomensPageTest"/>
</testsuite> <!-- com.qa.tests.WomensPageTest -->
